# JRE version: Java(TM) SE Runtime Environment (13.0+33) (build 13+33)
# Java VM: Java HotSpot(TM) 64-Bit Server VM (13+33, mixed mode, sharing, tiered, compressed oops, g1 gc, bsd-amd64)
Heap:
 garbage-first heap   total 324608K, used 189575K [0x00000007e0000000, 0x0000000800000000)
  region size 1024K, 55 young (56320K), 1 survivors (1024K)
 Metaspace       used 10555K, capacity 11469K, committed 11520K, reserved 1058816K
  class space    used 1127K, capacity 1273K, committed 1280K, reserved 1048576K
GC Heap History (20 events):
Event: 19520.710 GC heap before
{Heap before GC invocations=136 (full 0):
 garbage-first heap   total 324608K, used 134728K [0x00000007e0000000, 0x0000000800000000)
  region size 1024K, 78 young (79872K), 10 survivors (10240K)
 Metaspace       used 10495K, capacity 11451K, committed 11520K, reserved 1058816K
  class space    used 1125K, capacity 1270K, committed 1280K, reserved 1048576K
}
Event: 19520.732 GC heap after
{Heap after GC invocations=137 (full 0):
 garbage-first heap   total 324608K, used 91884K [0x00000007e0000000, 0x0000000800000000)
  region size 1024K, 10 young (10240K), 10 survivors (10240K)
 Metaspace       used 10495K, capacity 11451K, committed 11520K, reserved 1058816K
  class space    used 1125K, capacity 1270K, committed 1280K, reserved 1048576K
}
Event: 19531.729 GC heap before
{Heap before GC invocations=137 (full 0):
 garbage-first heap   total 324608K, used 118508K [0x00000007e0000000, 0x0000000800000000)
  region size 1024K, 38 young (38912K), 10 survivors (10240K)
 Metaspace       used 10503K, capacity 11463K, committed 11520K, reserved 1058816K
  class space    used 1126K, capacity 1272K, committed 1280K, reserved 1048576K
}
Event: 19531.752 GC heap after
{Heap after GC invocations=138 (full 0):
 garbage-first heap   total 324608K, used 106744K [0x00000007e0000000, 0x0000000800000000)
  region size 1024K, 11 young (11264K), 11 survivors (11264K)
 Metaspace       used 10503K, capacity 11463K, committed 11520K, reserved 1058816K
  class space    used 1126K, capacity 1272K, committed 1280K, reserved 1048576K
}
Event: 19531.849 GC heap before
{Heap before GC invocations=139 (full 0):
 garbage-first heap   total 324608K, used 142584K [0x00000007e0000000, 0x0000000800000000)
  region size 1024K, 76 young (77824K), 11 survivors (11264K)
 Metaspace       used 10503K, capacity 11463K, committed 11520K, reserved 1058816K
  class space    used 1126K, capacity 1272K, committed 1280K, reserved 1048576K
}
Event: 19531.871 GC heap after
{Heap after GC invocations=140 (full 0):
 garbage-first heap   total 324608K, used 101112K [0x00000007e0000000, 0x0000000800000000)
  region size 1024K, 10 young (10240K), 10 survivors (10240K)
 Metaspace       used 10503K, capacity 11463K, committed 11520K, reserved 1058816K
  class space    used 1126K, capacity 1272K, committed 1280K, reserved 1048576K
}
Event: 19531.879 GC heap before
{Heap before GC invocations=140 (full 0):
 garbage-first heap   total 324608K, used 106232K [0x00000007e0000000, 0x0000000800000000)
  region size 1024K, 15 young (15360K), 10 survivors (10240K)
 Metaspace       used 10503K, capacity 11463K, committed 11520K, reserved 1058816K
  class space    used 1126K, capacity 1272K, committed 1280K, reserved 1048576K
}
Event: 19531.925 GC heap after
{Heap after GC invocations=141 (full 0):
 garbage-first heap   total 324608K, used 83192K [0x00000007e0000000, 0x0000000800000000)
  region size 1024K, 2 young (2048K), 2 survivors (2048K)
 Metaspace       used 10503K, capacity 11463K, committed 11520K, reserved 1058816K
  class space    used 1126K, capacity 1272K, committed 1280K, reserved 1048576K
}
Event: 19565.440 GC heap before
{Heap before GC invocations=141 (full 0):
 garbage-first heap   total 324608K, used 95480K [0x00000007e0000000, 0x0000000800000000)
  region size 1024K, 16 young (16384K), 2 survivors (2048K)
 Metaspace       used 10504K, capacity 11463K, committed 11520K, reserved 1058816K
  class space    used 1126K, capacity 1272K, committed 1280K, reserved 1048576K
}
Event: 19565.448 GC heap after
{Heap after GC invocations=142 (full 0):
 garbage-first heap   total 324608K, used 93432K [0x00000007e0000000, 0x0000000800000000)
  region size 1024K, 10 young (10240K), 10 survivors (10240K)
 Metaspace       used 10504K, capacity 11463K, committed 11520K, reserved 1058816K
  class space    used 1126K, capacity 1272K, committed 1280K, reserved 1048576K
}
Event: 19565.583 GC heap before
{Heap before GC invocations=143 (full 0):
 garbage-first heap   total 324608K, used 171256K [0x00000007e0000000, 0x0000000800000000)
  region size 1024K, 84 young (86016K), 10 survivors (10240K)
 Metaspace       used 10504K, capacity 11463K, committed 11520K, reserved 1058816K
  class space    used 1126K, capacity 1272K, committed 1280K, reserved 1048576K
}
Event: 19565.600 GC heap after
{Heap after GC invocations=144 (full 0):
 garbage-first heap   total 324608K, used 125055K [0x00000007e0000000, 0x0000000800000000)
  region size 1024K, 11 young (11264K), 11 survivors (11264K)
 Metaspace       used 10504K, capacity 11463K, committed 11520K, reserved 1058816K
  class space    used 1126K, capacity 1272K, committed 1280K, reserved 1048576K
}
Event: 19760.729 GC heap before
{Heap before GC invocations=144 (full 0):
 garbage-first heap   total 324608K, used 133247K [0x00000007e0000000, 0x0000000800000000)
  region size 1024K, 21 young (21504K), 11 survivors (11264K)
 Metaspace       used 10504K, capacity 11463K, committed 11520K, reserved 1058816K
  class space    used 1126K, capacity 1272K, committed 1280K, reserved 1048576K
}
Event: 19760.744 GC heap after
{Heap after GC invocations=145 (full 0):
 garbage-first heap   total 324608K, used 133938K [0x00000007e0000000, 0x0000000800000000)
  region size 1024K, 7 young (7168K), 7 survivors (7168K)
 Metaspace       used 10504K, capacity 11463K, committed 11520K, reserved 1058816K
  class space    used 1126K, capacity 1272K, committed 1280K, reserved 1048576K
}
Event: 19760.821 GC heap before
{Heap before GC invocations=145 (full 0):
 garbage-first heap   total 324608K, used 163634K [0x00000007e0000000, 0x0000000800000000)
  region size 1024K, 62 young (63488K), 7 survivors (7168K)
 Metaspace       used 10506K, capacity 11463K, committed 11520K, reserved 1058816K
  class space    used 1126K, capacity 1272K, committed 1280K, reserved 1048576K
}
Event: 19760.832 GC heap after
{Heap after GC invocations=146 (full 0):
 garbage-first heap   total 324608K, used 124434K [0x00000007e0000000, 0x0000000800000000)
  region size 1024K, 8 young (8192K), 8 survivors (8192K)
 Metaspace       used 10506K, capacity 11463K, committed 11520K, reserved 1058816K
  class space    used 1126K, capacity 1272K, committed 1280K, reserved 1048576K
}
Event: 19939.991 GC heap before
{Heap before GC invocations=147 (full 0):
 garbage-first heap   total 324608K, used 189970K [0x00000007e0000000, 0x0000000800000000)
  region size 1024K, 71 young (72704K), 8 survivors (8192K)
 Metaspace       used 10539K, capacity 11463K, committed 11520K, reserved 1058816K
  class space    used 1126K, capacity 1272K, committed 1280K, reserved 1048576K
}
Event: 19940.014 GC heap after
{Heap after GC invocations=148 (full 0):
 garbage-first heap   total 324608K, used 149240K [0x00000007e0000000, 0x0000000800000000)
  region size 1024K, 9 young (9216K), 9 survivors (9216K)
 Metaspace       used 10539K, capacity 11463K, committed 11520K, reserved 1058816K
  class space    used 1126K, capacity 1272K, committed 1280K, reserved 1048576K
}
Event: 19940.016 GC heap before
{Heap before GC invocations=148 (full 0):
 garbage-first heap   total 324608K, used 155384K [0x00000007e0000000, 0x0000000800000000)
  region size 1024K, 15 young (15360K), 9 survivors (9216K)
 Metaspace       used 10545K, capacity 11463K, committed 11520K, reserved 1058816K
  class space    used 1126K, capacity 1272K, committed 1280K, reserved 1048576K
}
Event: 19940.092 GC heap after
{Heap after GC invocations=149 (full 0):
 garbage-first heap   total 324608K, used 135303K [0x00000007e0000000, 0x0000000800000000)
  region size 1024K, 1 young (1024K), 1 survivors (1024K)
 Metaspace       used 10545K, capacity 11463K, committed 11520K, reserved 1058816K
  class space    used 1126K, capacity 1272K, committed 1280K, reserved 1048576K
}

